2021-10-09 09:13:11.368 [main] INFO  d.sptestpile.SptestpileApplication - Starting SptestpileApplication using Java 1.8.0_121 on nj-zhaoxiaoxuan with PID 1092 (D:\20210510security\code\sptestpile\target\classes started by Zxx in D:\20210510security\code\sptestpile)
2021-10-09 09:13:11.376 [main] INFO  d.sptestpile.SptestpileApplication - No active profile set, falling back to default profiles: default
2021-10-09 09:13:13.025 [main] INFO  o.s.b.w.e.tomcat.TomcatWebServer - Tomcat initialized with port(s): 28090 (http)
2021-10-09 09:13:13.039 [main] INFO  o.a.coyote.http11.Http11NioProtocol - Initializing ProtocolHandler ["http-nio-28090"]
2021-10-09 09:13:13.040 [main] INFO  o.a.catalina.core.StandardService - Starting service [Tomcat]
2021-10-09 09:13:13.042 [main] INFO  o.a.catalina.core.StandardEngine - Starting Servlet engine: [Apache Tomcat/9.0.39]
2021-10-09 09:13:13.406 [main] INFO  org.apache.jasper.servlet.TldScanner - At least one JAR was scanned for TLDs yet contained no TLDs. Enable debug logging for this logger for a complete list of JARs that were scanned but no TLDs were found in them. Skipping unneeded JARs during scanning can improve startup time and JSP compilation time.
2021-10-09 09:13:13.412 [main] INFO  o.a.c.c.C.[Tomcat].[localhost].[/] - Initializing Spring embedded WebApplicationContext
2021-10-09 09:13:13.412 [main] INFO  o.s.b.w.s.c.ServletWebServerApplicationContext - Root WebApplicationContext: initialization completed in 1907 ms
2021-10-09 09:13:13.715 [main] INFO  o.s.s.c.ThreadPoolTaskExecutor - Initializing ExecutorService 'applicationTaskExecutor'
2021-10-09 09:13:13.957 [main] INFO  o.a.coyote.http11.Http11NioProtocol - Starting ProtocolHandler ["http-nio-28090"]
2021-10-09 09:13:14.011 [main] INFO  o.s.b.w.e.tomcat.TomcatWebServer - Tomcat started on port(s): 28090 (http) with context path ''
2021-10-09 09:13:14.029 [main] INFO  d.sptestpile.SptestpileApplication - Started SptestpileApplication in 4.14 seconds (JVM running for 6.241)
2021-10-09 09:13:24.934 [http-nio-28090-exec-1] INFO  o.a.c.c.C.[Tomcat].[localhost].[/] - Initializing Spring DispatcherServlet 'dispatcherServlet'
2021-10-09 09:13:24.934 [http-nio-28090-exec-1] INFO  o.s.web.servlet.DispatcherServlet - Initializing Servlet 'dispatcherServlet'
2021-10-09 09:13:24.937 [http-nio-28090-exec-1] INFO  o.s.web.servlet.DispatcherServlet - Completed initialization in 3 ms
2021-10-09 09:16:15.309 [main] INFO  d.sptestpile.SptestpileApplication - Starting SptestpileApplication using Java 1.8.0_121 on nj-zhaoxiaoxuan with PID 17488 (D:\20210510security\code\sptestpile\target\classes started by Zxx in D:\20210510security\code\sptestpile)
2021-10-09 09:16:15.316 [main] INFO  d.sptestpile.SptestpileApplication - No active profile set, falling back to default profiles: default
2021-10-09 09:16:17.292 [main] INFO  o.s.b.w.e.tomcat.TomcatWebServer - Tomcat initialized with port(s): 28090 (http)
2021-10-09 09:16:17.308 [main] INFO  o.a.coyote.http11.Http11NioProtocol - Initializing ProtocolHandler ["http-nio-28090"]
2021-10-09 09:16:17.311 [main] INFO  o.a.catalina.core.StandardService - Starting service [Tomcat]
2021-10-09 09:16:17.312 [main] INFO  o.a.catalina.core.StandardEngine - Starting Servlet engine: [Apache Tomcat/9.0.39]
2021-10-09 09:16:17.805 [main] INFO  org.apache.jasper.servlet.TldScanner - At least one JAR was scanned for TLDs yet contained no TLDs. Enable debug logging for this logger for a complete list of JARs that were scanned but no TLDs were found in them. Skipping unneeded JARs during scanning can improve startup time and JSP compilation time.
2021-10-09 09:16:17.824 [main] INFO  o.a.c.c.C.[Tomcat].[localhost].[/] - Initializing Spring embedded WebApplicationContext
2021-10-09 09:16:17.824 [main] INFO  o.s.b.w.s.c.ServletWebServerApplicationContext - Root WebApplicationContext: initialization completed in 2421 ms
2021-10-09 09:16:18.437 [main] INFO  o.s.s.c.ThreadPoolTaskExecutor - Initializing ExecutorService 'applicationTaskExecutor'
2021-10-09 09:16:18.810 [main] INFO  o.a.coyote.http11.Http11NioProtocol - Starting ProtocolHandler ["http-nio-28090"]
2021-10-09 09:16:18.868 [main] INFO  o.s.b.w.e.tomcat.TomcatWebServer - Tomcat started on port(s): 28090 (http) with context path ''
2021-10-09 09:16:18.898 [main] INFO  d.sptestpile.SptestpileApplication - Started SptestpileApplication in 5.254 seconds (JVM running for 7.868)
2021-10-09 09:17:49.346 [http-nio-28090-exec-1] INFO  o.a.c.c.C.[Tomcat].[localhost].[/] - Initializing Spring DispatcherServlet 'dispatcherServlet'
2021-10-09 09:17:49.347 [http-nio-28090-exec-1] INFO  o.s.web.servlet.DispatcherServlet - Initializing Servlet 'dispatcherServlet'
2021-10-09 09:17:49.348 [http-nio-28090-exec-1] INFO  o.s.web.servlet.DispatcherServlet - Completed initialization in 1 ms
2021-10-09 10:48:18.620 [main] INFO  d.s.SptestpileApplicationTests - Starting SptestpileApplicationTests using Java 1.8.0_121 on nj-zhaoxiaoxuan with PID 11280 (started by Zxx in D:\20210510security\code\sptestpile)
2021-10-09 10:48:18.627 [main] INFO  d.s.SptestpileApplicationTests - No active profile set, falling back to default profiles: default
2021-10-09 10:48:22.289 [main] INFO  o.s.s.c.ThreadPoolTaskExecutor - Initializing ExecutorService 'applicationTaskExecutor'
2021-10-09 10:48:23.876 [main] INFO  d.s.SptestpileApplicationTests - Started SptestpileApplicationTests in 6.135 seconds (JVM running for 10.774)
2021-10-09 10:48:25.391 [SpringContextShutdownHook] INFO  o.s.s.c.ThreadPoolTaskExecutor - Shutting down ExecutorService 'applicationTaskExecutor'
2021-10-09 10:57:28.424 [main] INFO  d.sptestpile.SptestpileApplication - Starting SptestpileApplication using Java 1.8.0_121 on nj-zhaoxiaoxuan with PID 16516 (D:\20210510security\code\sptestpile\target\classes started by Zxx in D:\20210510security\code\sptestpile)
2021-10-09 10:57:28.438 [main] INFO  d.sptestpile.SptestpileApplication - No active profile set, falling back to default profiles: default
2021-10-09 10:57:30.583 [main] INFO  o.s.b.w.e.tomcat.TomcatWebServer - Tomcat initialized with port(s): 28090 (http)
2021-10-09 10:57:30.604 [main] INFO  o.a.coyote.http11.Http11NioProtocol - Initializing ProtocolHandler ["http-nio-28090"]
2021-10-09 10:57:30.605 [main] INFO  o.a.catalina.core.StandardService - Starting service [Tomcat]
2021-10-09 10:57:30.605 [main] INFO  o.a.catalina.core.StandardEngine - Starting Servlet engine: [Apache Tomcat/9.0.39]
2021-10-09 10:57:31.074 [main] INFO  org.apache.jasper.servlet.TldScanner - At least one JAR was scanned for TLDs yet contained no TLDs. Enable debug logging for this logger for a complete list of JARs that were scanned but no TLDs were found in them. Skipping unneeded JARs during scanning can improve startup time and JSP compilation time.
2021-10-09 10:57:31.089 [main] INFO  o.a.c.c.C.[Tomcat].[localhost].[/] - Initializing Spring embedded WebApplicationContext
2021-10-09 10:57:31.090 [main] INFO  o.s.b.w.s.c.ServletWebServerApplicationContext - Root WebApplicationContext: initialization completed in 2514 ms
2021-10-09 10:57:31.439 [main] INFO  o.s.s.c.ThreadPoolTaskExecutor - Initializing ExecutorService 'applicationTaskExecutor'
2021-10-09 10:57:31.758 [main] INFO  o.a.coyote.http11.Http11NioProtocol - Starting ProtocolHandler ["http-nio-28090"]
2021-10-09 10:57:31.818 [main] INFO  o.s.b.w.e.tomcat.TomcatWebServer - Tomcat started on port(s): 28090 (http) with context path ''
2021-10-09 10:57:31.837 [main] INFO  d.sptestpile.SptestpileApplication - Started SptestpileApplication in 5.614 seconds (JVM running for 8.242)
2021-10-09 10:57:44.417 [http-nio-28090-exec-1] INFO  o.a.c.c.C.[Tomcat].[localhost].[/] - Initializing Spring DispatcherServlet 'dispatcherServlet'
2021-10-09 10:57:44.417 [http-nio-28090-exec-1] INFO  o.s.web.servlet.DispatcherServlet - Initializing Servlet 'dispatcherServlet'
2021-10-09 10:57:44.419 [http-nio-28090-exec-1] INFO  o.s.web.servlet.DispatcherServlet - Completed initialization in 2 ms
2021-10-09 10:59:06.370 [main] INFO  d.sptestpile.SptestpileApplication - Starting SptestpileApplication using Java 1.8.0_121 on nj-zhaoxiaoxuan with PID 3412 (D:\20210510security\code\sptestpile\target\classes started by Zxx in D:\20210510security\code\sptestpile)
2021-10-09 10:59:06.376 [main] INFO  d.sptestpile.SptestpileApplication - No active profile set, falling back to default profiles: default
2021-10-09 10:59:09.463 [main] INFO  o.s.b.w.e.tomcat.TomcatWebServer - Tomcat initialized with port(s): 28090 (http)
2021-10-09 10:59:09.481 [main] INFO  o.a.coyote.http11.Http11NioProtocol - Initializing ProtocolHandler ["http-nio-28090"]
2021-10-09 10:59:09.483 [main] INFO  o.a.catalina.core.StandardService - Starting service [Tomcat]
2021-10-09 10:59:09.483 [main] INFO  o.a.catalina.core.StandardEngine - Starting Servlet engine: [Apache Tomcat/9.0.39]
2021-10-09 10:59:10.692 [main] INFO  org.apache.jasper.servlet.TldScanner - At least one JAR was scanned for TLDs yet contained no TLDs. Enable debug logging for this logger for a complete list of JARs that were scanned but no TLDs were found in them. Skipping unneeded JARs during scanning can improve startup time and JSP compilation time.
2021-10-09 10:59:10.702 [main] INFO  o.a.c.c.C.[Tomcat].[localhost].[/] - Initializing Spring embedded WebApplicationContext
2021-10-09 10:59:10.703 [main] INFO  o.s.b.w.s.c.ServletWebServerApplicationContext - Root WebApplicationContext: initialization completed in 4193 ms
2021-10-09 10:59:11.284 [main] INFO  o.s.s.c.ThreadPoolTaskExecutor - Initializing ExecutorService 'applicationTaskExecutor'
2021-10-09 10:59:11.859 [main] INFO  o.a.coyote.http11.Http11NioProtocol - Starting ProtocolHandler ["http-nio-28090"]
2021-10-09 10:59:11.966 [main] INFO  o.s.b.w.e.tomcat.TomcatWebServer - Tomcat started on port(s): 28090 (http) with context path ''
2021-10-09 10:59:12.000 [main] INFO  d.sptestpile.SptestpileApplication - Started SptestpileApplication in 7.853 seconds (JVM running for 11.959)
2021-10-09 11:00:40.119 [http-nio-28090-exec-1] INFO  o.a.c.c.C.[Tomcat].[localhost].[/] - Initializing Spring DispatcherServlet 'dispatcherServlet'
2021-10-09 11:00:40.119 [http-nio-28090-exec-1] INFO  o.s.web.servlet.DispatcherServlet - Initializing Servlet 'dispatcherServlet'
2021-10-09 11:00:40.125 [http-nio-28090-exec-1] INFO  o.s.web.servlet.DispatcherServlet - Completed initialization in 5 ms
2021-10-09 11:01:37.626 [main] INFO  d.s.SptestpileApplicationTests - Starting SptestpileApplicationTests using Java 1.8.0_121 on nj-zhaoxiaoxuan with PID 17744 (started by Zxx in D:\20210510security\code\sptestpile)
2021-10-09 11:01:37.630 [main] INFO  d.s.SptestpileApplicationTests - No active profile set, falling back to default profiles: default
2021-10-09 11:01:41.454 [main] INFO  o.s.s.c.ThreadPoolTaskExecutor - Initializing ExecutorService 'applicationTaskExecutor'
2021-10-09 11:01:42.281 [main] INFO  d.s.SptestpileApplicationTests - Started SptestpileApplicationTests in 5.742 seconds (JVM running for 8.605)
2021-10-09 11:01:43.118 [SpringContextShutdownHook] INFO  o.s.s.c.ThreadPoolTaskExecutor - Shutting down ExecutorService 'applicationTaskExecutor'
2021-10-09 11:11:41.635 [main] INFO  d.s.SptestpileApplicationTests - Starting SptestpileApplicationTests using Java 1.8.0_121 on nj-zhaoxiaoxuan with PID 9120 (started by Zxx in D:\20210510security\code\sptestpile)
2021-10-09 11:11:41.647 [main] INFO  d.s.SptestpileApplicationTests - No active profile set, falling back to default profiles: default
2021-10-09 11:11:44.784 [main] INFO  o.s.s.c.ThreadPoolTaskExecutor - Initializing ExecutorService 'applicationTaskExecutor'
2021-10-09 11:11:45.708 [main] INFO  d.s.SptestpileApplicationTests - Started SptestpileApplicationTests in 4.867 seconds (JVM running for 7.064)
2021-10-09 11:11:46.446 [SpringContextShutdownHook] INFO  o.s.s.c.ThreadPoolTaskExecutor - Shutting down ExecutorService 'applicationTaskExecutor'
2021-10-09 11:33:38.339 [main] INFO  d.s.SptestpileApplicationTests - Starting SptestpileApplicationTests using Java 1.8.0_121 on nj-zhaoxiaoxuan with PID 17732 (started by Zxx in D:\20210510security\code\sptestpile)
2021-10-09 11:33:38.342 [main] INFO  d.s.SptestpileApplicationTests - No active profile set, falling back to default profiles: default
2021-10-09 11:33:41.332 [main] INFO  o.s.s.c.ThreadPoolTaskExecutor - Initializing ExecutorService 'applicationTaskExecutor'
2021-10-09 11:33:42.009 [main] INFO  d.s.SptestpileApplicationTests - Started SptestpileApplicationTests in 4.496 seconds (JVM running for 6.578)
2021-10-09 11:33:42.805 [SpringContextShutdownHook] INFO  o.s.s.c.ThreadPoolTaskExecutor - Shutting down ExecutorService 'applicationTaskExecutor'
2021-10-09 15:55:38.784 [main] INFO  d.sptestpile.SptestpileApplication - Starting SptestpileApplication using Java 1.8.0_121 on nj-zhaoxiaoxuan with PID 8492 (D:\20210510security\code\sptestpile\target\classes started by Zxx in D:\20210510security\code\sptestpile)
2021-10-09 15:55:38.793 [main] INFO  d.sptestpile.SptestpileApplication - No active profile set, falling back to default profiles: default
2021-10-09 15:55:40.805 [main] INFO  o.s.b.w.e.tomcat.TomcatWebServer - Tomcat initialized with port(s): 28090 (http)
2021-10-09 15:55:40.831 [main] INFO  o.a.coyote.http11.Http11NioProtocol - Initializing ProtocolHandler ["http-nio-28090"]
2021-10-09 15:55:40.833 [main] INFO  o.a.catalina.core.StandardService - Starting service [Tomcat]
2021-10-09 15:55:40.834 [main] INFO  o.a.catalina.core.StandardEngine - Starting Servlet engine: [Apache Tomcat/9.0.39]
2021-10-09 15:55:41.306 [main] INFO  org.apache.jasper.servlet.TldScanner - At least one JAR was scanned for TLDs yet contained no TLDs. Enable debug logging for this logger for a complete list of JARs that were scanned but no TLDs were found in them. Skipping unneeded JARs during scanning can improve startup time and JSP compilation time.
2021-10-09 15:55:41.314 [main] INFO  o.a.c.c.C.[Tomcat].[localhost].[/] - Initializing Spring embedded WebApplicationContext
2021-10-09 15:55:41.314 [main] INFO  o.s.b.w.s.c.ServletWebServerApplicationContext - Root WebApplicationContext: initialization completed in 2380 ms
2021-10-09 15:55:41.687 [main] INFO  o.s.s.c.ThreadPoolTaskExecutor - Initializing ExecutorService 'applicationTaskExecutor'
2021-10-09 15:55:42.095 [main] INFO  o.a.coyote.http11.Http11NioProtocol - Starting ProtocolHandler ["http-nio-28090"]
2021-10-09 15:55:42.206 [main] INFO  o.s.b.w.e.tomcat.TomcatWebServer - Tomcat started on port(s): 28090 (http) with context path ''
2021-10-09 15:55:42.234 [main] INFO  d.sptestpile.SptestpileApplication - Started SptestpileApplication in 5.578 seconds (JVM running for 8.302)
2021-10-09 15:56:08.894 [http-nio-28090-exec-1] INFO  o.a.c.c.C.[Tomcat].[localhost].[/] - Initializing Spring DispatcherServlet 'dispatcherServlet'
2021-10-09 15:56:08.895 [http-nio-28090-exec-1] INFO  o.s.web.servlet.DispatcherServlet - Initializing Servlet 'dispatcherServlet'
2021-10-09 15:56:08.896 [http-nio-28090-exec-1] INFO  o.s.web.servlet.DispatcherServlet - Completed initialization in 1 ms
2021-10-09 15:56:35.971 [http-nio-28090-exec-4] ERROR d.sptestpile.service.RestDataService - java.io.IOException: java.io.FileNotFoundException: C:\Users\Zxx\AppData\Local\Temp\tomcat.28090.2516484327809612589\work\Tomcat\localhost\ROOT\home\alipms\output\file_4044.ter (系统找不到指定的路径。)
java.io.IOException: java.io.FileNotFoundException: C:\Users\Zxx\AppData\Local\Temp\tomcat.28090.2516484327809612589\work\Tomcat\localhost\ROOT\home\alipms\output\file_4044.ter (系统找不到指定的路径。)
	at org.apache.catalina.core.ApplicationPart.write(ApplicationPart.java:122)
	at org.springframework.web.multipart.support.StandardMultipartHttpServletRequest$StandardMultipartFile.transferTo(StandardMultipartHttpServletRequest.java:256)
	at datdtestspringboot.sptestpile.service.RestDataService.batchDetect(RestDataService.java:169)
	at datdtestspringboot.sptestpile.controller.RestDataController.detectbatchsubmit(RestDataController.java:66)
	at sun.reflect.NativeMethodAccessorImpl.invoke0(Native Method)
	at sun.reflect.NativeMethodAccessorImpl.invoke(NativeMethodAccessorImpl.java:62)
	at sun.reflect.DelegatingMethodAccessorImpl.invoke(DelegatingMethodAccessorImpl.java:43)
	at java.lang.reflect.Method.invoke(Method.java:498)
	at org.springframework.web.method.support.InvocableHandlerMethod.doInvoke(InvocableHandlerMethod.java:197)
	at org.springframework.web.method.support.InvocableHandlerMethod.invokeForRequest(InvocableHandlerMethod.java:141)
	at org.springframework.web.servlet.mvc.method.annotation.ServletInvocableHandlerMethod.invokeAndHandle(ServletInvocableHandlerMethod.java:106)
	at org.springframework.web.servlet.mvc.method.annotation.RequestMappingHandlerAdapter.invokeHandlerMethod(RequestMappingHandlerAdapter.java:893)
	at org.springframework.web.servlet.mvc.method.annotation.RequestMappingHandlerAdapter.handleInternal(RequestMappingHandlerAdapter.java:807)
	at org.springframework.web.servlet.mvc.method.AbstractHandlerMethodAdapter.handle(AbstractHandlerMethodAdapter.java:87)
	at org.springframework.web.servlet.DispatcherServlet.doDispatch(DispatcherServlet.java:1061)
	at org.springframework.web.servlet.DispatcherServlet.doService(DispatcherServlet.java:961)
	at org.springframework.web.servlet.FrameworkServlet.processRequest(FrameworkServlet.java:1006)
	at org.springframework.web.servlet.FrameworkServlet.doPost(FrameworkServlet.java:909)
	at javax.servlet.http.HttpServlet.service(HttpServlet.java:652)
	at org.springframework.web.servlet.FrameworkServlet.service(FrameworkServlet.java:883)
	at javax.servlet.http.HttpServlet.service(HttpServlet.java:733)
	at org.apache.catalina.core.ApplicationFilterChain.internalDoFilter(ApplicationFilterChain.java:231)
	at org.apache.catalina.core.ApplicationFilterChain.doFilter(ApplicationFilterChain.java:166)
	at org.apache.tomcat.websocket.server.WsFilter.doFilter(WsFilter.java:53)
	at org.apache.catalina.core.ApplicationFilterChain.internalDoFilter(ApplicationFilterChain.java:193)
	at org.apache.catalina.core.ApplicationFilterChain.doFilter(ApplicationFilterChain.java:166)
	at org.springframework.web.filter.RequestContextFilter.doFilterInternal(RequestContextFilter.java:100)
	at org.springframework.web.filter.OncePerRequestFilter.doFilter(OncePerRequestFilter.java:119)
	at org.apache.catalina.core.ApplicationFilterChain.internalDoFilter(ApplicationFilterChain.java:193)
	at org.apache.catalina.core.ApplicationFilterChain.doFilter(ApplicationFilterChain.java:166)
	at org.springframework.web.filter.FormContentFilter.doFilterInternal(FormContentFilter.java:93)
	at org.springframework.web.filter.OncePerRequestFilter.doFilter(OncePerRequestFilter.java:119)
	at org.apache.catalina.core.ApplicationFilterChain.internalDoFilter(ApplicationFilterChain.java:193)
	at org.apache.catalina.core.ApplicationFilterChain.doFilter(ApplicationFilterChain.java:166)
	at org.springframework.web.filter.CharacterEncodingFilter.doFilterInternal(CharacterEncodingFilter.java:201)
	at org.springframework.web.filter.OncePerRequestFilter.doFilter(OncePerRequestFilter.java:119)
	at org.apache.catalina.core.ApplicationFilterChain.internalDoFilter(ApplicationFilterChain.java:193)
	at org.apache.catalina.core.ApplicationFilterChain.doFilter(ApplicationFilterChain.java:166)
	at org.apache.catalina.core.StandardWrapperValve.invoke(StandardWrapperValve.java:202)
	at org.apache.catalina.core.StandardContextValve.invoke(StandardContextValve.java:97)
	at org.apache.catalina.authenticator.AuthenticatorBase.invoke(AuthenticatorBase.java:542)
	at org.apache.catalina.core.StandardHostValve.invoke(StandardHostValve.java:143)
	at org.apache.catalina.valves.ErrorReportValve.invoke(ErrorReportValve.java:92)
	at org.apache.catalina.core.StandardEngineValve.invoke(StandardEngineValve.java:78)
	at org.apache.catalina.connector.CoyoteAdapter.service(CoyoteAdapter.java:343)
	at org.apache.coyote.http11.Http11Processor.service(Http11Processor.java:374)
	at org.apache.coyote.AbstractProcessorLight.process(AbstractProcessorLight.java:65)
	at org.apache.coyote.AbstractProtocol$ConnectionHandler.process(AbstractProtocol.java:868)
	at org.apache.tomcat.util.net.NioEndpoint$SocketProcessor.doRun(NioEndpoint.java:1590)
	at org.apache.tomcat.util.net.SocketProcessorBase.run(SocketProcessorBase.java:49)
	at java.util.concurrent.ThreadPoolExecutor.runWorker(ThreadPoolExecutor.java:1142)
	at java.util.concurrent.ThreadPoolExecutor$Worker.run(ThreadPoolExecutor.java:617)
	at org.apache.tomcat.util.threads.TaskThread$WrappingRunnable.run(TaskThread.java:61)
	at java.lang.Thread.run(Thread.java:745)
Caused by: java.io.FileNotFoundException: C:\Users\Zxx\AppData\Local\Temp\tomcat.28090.2516484327809612589\work\Tomcat\localhost\ROOT\home\alipms\output\file_4044.ter (系统找不到指定的路径。)
	at java.io.FileOutputStream.open0(Native Method)
	at java.io.FileOutputStream.open(FileOutputStream.java:270)
	at java.io.FileOutputStream.<init>(FileOutputStream.java:213)
	at java.io.FileOutputStream.<init>(FileOutputStream.java:162)
	at org.apache.tomcat.util.http.fileupload.disk.DiskFileItem.write(DiskFileItem.java:406)
	at org.apache.catalina.core.ApplicationPart.write(ApplicationPart.java:120)
	... 53 common frames omitted
2021-10-09 15:56:35.981 [http-nio-28090-exec-4] ERROR d.sptestpile.service.RestDataService - 上传第0个文件失败
2021-10-09 15:56:37.149 [http-nio-28090-exec-4] ERROR d.sptestpile.service.RestDataService - Cannot run program "/home/alipms/cmdsh3": CreateProcess error=2, 系统找不到指定的文件。
2021-10-09 15:58:34.641 [main] INFO  d.sptestpile.SptestpileApplication - Starting SptestpileApplication using Java 1.8.0_121 on nj-zhaoxiaoxuan with PID 8848 (D:\20210510security\code\sptestpile\target\classes started by Zxx in D:\20210510security\code\sptestpile)
2021-10-09 15:58:34.660 [main] INFO  d.sptestpile.SptestpileApplication - No active profile set, falling back to default profiles: default
2021-10-09 15:58:36.862 [main] INFO  o.s.b.w.e.tomcat.TomcatWebServer - Tomcat initialized with port(s): 28090 (http)
2021-10-09 15:58:36.878 [main] INFO  o.a.coyote.http11.Http11NioProtocol - Initializing ProtocolHandler ["http-nio-28090"]
2021-10-09 15:58:36.879 [main] INFO  o.a.catalina.core.StandardService - Starting service [Tomcat]
2021-10-09 15:58:36.879 [main] INFO  o.a.catalina.core.StandardEngine - Starting Servlet engine: [Apache Tomcat/9.0.39]
2021-10-09 15:58:37.299 [main] INFO  org.apache.jasper.servlet.TldScanner - At least one JAR was scanned for TLDs yet contained no TLDs. Enable debug logging for this logger for a complete list of JARs that were scanned but no TLDs were found in them. Skipping unneeded JARs during scanning can improve startup time and JSP compilation time.
2021-10-09 15:58:37.307 [main] INFO  o.a.c.c.C.[Tomcat].[localhost].[/] - Initializing Spring embedded WebApplicationContext
2021-10-09 15:58:37.308 [main] INFO  o.s.b.w.s.c.ServletWebServerApplicationContext - Root WebApplicationContext: initialization completed in 2446 ms
2021-10-09 15:58:37.694 [main] INFO  o.s.s.c.ThreadPoolTaskExecutor - Initializing ExecutorService 'applicationTaskExecutor'
2021-10-09 15:58:38.094 [main] INFO  o.a.coyote.http11.Http11NioProtocol - Starting ProtocolHandler ["http-nio-28090"]
2021-10-09 15:58:38.162 [main] INFO  o.s.b.w.e.tomcat.TomcatWebServer - Tomcat started on port(s): 28090 (http) with context path ''
2021-10-09 15:58:38.183 [main] INFO  d.sptestpile.SptestpileApplication - Started SptestpileApplication in 5.469 seconds (JVM running for 7.764)
2021-10-09 15:58:48.325 [http-nio-28090-exec-1] INFO  o.a.c.c.C.[Tomcat].[localhost].[/] - Initializing Spring DispatcherServlet 'dispatcherServlet'
2021-10-09 15:58:48.326 [http-nio-28090-exec-1] INFO  o.s.web.servlet.DispatcherServlet - Initializing Servlet 'dispatcherServlet'
2021-10-09 15:58:48.330 [http-nio-28090-exec-1] INFO  o.s.web.servlet.DispatcherServlet - Completed initialization in 4 ms
2021-10-09 15:59:10.307 [http-nio-28090-exec-5] ERROR d.sptestpile.service.RestDataService - java.io.IOException: java.io.FileNotFoundException: C:\Users\Zxx\AppData\Local\Temp\tomcat.28090.2086257320761792406\work\Tomcat\localhost\ROOT\home\alipms\output\file_4044.ter (系统找不到指定的路径。)
java.io.IOException: java.io.FileNotFoundException: C:\Users\Zxx\AppData\Local\Temp\tomcat.28090.2086257320761792406\work\Tomcat\localhost\ROOT\home\alipms\output\file_4044.ter (系统找不到指定的路径。)
	at org.apache.catalina.core.ApplicationPart.write(ApplicationPart.java:122)
	at org.springframework.web.multipart.support.StandardMultipartHttpServletRequest$StandardMultipartFile.transferTo(StandardMultipartHttpServletRequest.java:256)
	at datdtestspringboot.sptestpile.service.RestDataService.batchDetect(RestDataService.java:169)
	at datdtestspringboot.sptestpile.controller.RestDataController.detectbatchsubmit(RestDataController.java:66)
	at sun.reflect.NativeMethodAccessorImpl.invoke0(Native Method)
	at sun.reflect.NativeMethodAccessorImpl.invoke(NativeMethodAccessorImpl.java:62)
	at sun.reflect.DelegatingMethodAccessorImpl.invoke(DelegatingMethodAccessorImpl.java:43)
	at java.lang.reflect.Method.invoke(Method.java:498)
	at org.springframework.web.method.support.InvocableHandlerMethod.doInvoke(InvocableHandlerMethod.java:197)
	at org.springframework.web.method.support.InvocableHandlerMethod.invokeForRequest(InvocableHandlerMethod.java:141)
	at org.springframework.web.servlet.mvc.method.annotation.ServletInvocableHandlerMethod.invokeAndHandle(ServletInvocableHandlerMethod.java:106)
	at org.springframework.web.servlet.mvc.method.annotation.RequestMappingHandlerAdapter.invokeHandlerMethod(RequestMappingHandlerAdapter.java:893)
	at org.springframework.web.servlet.mvc.method.annotation.RequestMappingHandlerAdapter.handleInternal(RequestMappingHandlerAdapter.java:807)
	at org.springframework.web.servlet.mvc.method.AbstractHandlerMethodAdapter.handle(AbstractHandlerMethodAdapter.java:87)
	at org.springframework.web.servlet.DispatcherServlet.doDispatch(DispatcherServlet.java:1061)
	at org.springframework.web.servlet.DispatcherServlet.doService(DispatcherServlet.java:961)
	at org.springframework.web.servlet.FrameworkServlet.processRequest(FrameworkServlet.java:1006)
	at org.springframework.web.servlet.FrameworkServlet.doPost(FrameworkServlet.java:909)
	at javax.servlet.http.HttpServlet.service(HttpServlet.java:652)
	at org.springframework.web.servlet.FrameworkServlet.service(FrameworkServlet.java:883)
	at javax.servlet.http.HttpServlet.service(HttpServlet.java:733)
	at org.apache.catalina.core.ApplicationFilterChain.internalDoFilter(ApplicationFilterChain.java:231)
	at org.apache.catalina.core.ApplicationFilterChain.doFilter(ApplicationFilterChain.java:166)
	at org.apache.tomcat.websocket.server.WsFilter.doFilter(WsFilter.java:53)
	at org.apache.catalina.core.ApplicationFilterChain.internalDoFilter(ApplicationFilterChain.java:193)
	at org.apache.catalina.core.ApplicationFilterChain.doFilter(ApplicationFilterChain.java:166)
	at org.springframework.web.filter.RequestContextFilter.doFilterInternal(RequestContextFilter.java:100)
	at org.springframework.web.filter.OncePerRequestFilter.doFilter(OncePerRequestFilter.java:119)
	at org.apache.catalina.core.ApplicationFilterChain.internalDoFilter(ApplicationFilterChain.java:193)
	at org.apache.catalina.core.ApplicationFilterChain.doFilter(ApplicationFilterChain.java:166)
	at org.springframework.web.filter.FormContentFilter.doFilterInternal(FormContentFilter.java:93)
	at org.springframework.web.filter.OncePerRequestFilter.doFilter(OncePerRequestFilter.java:119)
	at org.apache.catalina.core.ApplicationFilterChain.internalDoFilter(ApplicationFilterChain.java:193)
	at org.apache.catalina.core.ApplicationFilterChain.doFilter(ApplicationFilterChain.java:166)
	at org.springframework.web.filter.CharacterEncodingFilter.doFilterInternal(CharacterEncodingFilter.java:201)
	at org.springframework.web.filter.OncePerRequestFilter.doFilter(OncePerRequestFilter.java:119)
	at org.apache.catalina.core.ApplicationFilterChain.internalDoFilter(ApplicationFilterChain.java:193)
	at org.apache.catalina.core.ApplicationFilterChain.doFilter(ApplicationFilterChain.java:166)
	at org.apache.catalina.core.StandardWrapperValve.invoke(StandardWrapperValve.java:202)
	at org.apache.catalina.core.StandardContextValve.invoke(StandardContextValve.java:97)
	at org.apache.catalina.authenticator.AuthenticatorBase.invoke(AuthenticatorBase.java:542)
	at org.apache.catalina.core.StandardHostValve.invoke(StandardHostValve.java:143)
	at org.apache.catalina.valves.ErrorReportValve.invoke(ErrorReportValve.java:92)
	at org.apache.catalina.core.StandardEngineValve.invoke(StandardEngineValve.java:78)
	at org.apache.catalina.connector.CoyoteAdapter.service(CoyoteAdapter.java:343)
	at org.apache.coyote.http11.Http11Processor.service(Http11Processor.java:374)
	at org.apache.coyote.AbstractProcessorLight.process(AbstractProcessorLight.java:65)
	at org.apache.coyote.AbstractProtocol$ConnectionHandler.process(AbstractProtocol.java:868)
	at org.apache.tomcat.util.net.NioEndpoint$SocketProcessor.doRun(NioEndpoint.java:1590)
	at org.apache.tomcat.util.net.SocketProcessorBase.run(SocketProcessorBase.java:49)
	at java.util.concurrent.ThreadPoolExecutor.runWorker(ThreadPoolExecutor.java:1142)
	at java.util.concurrent.ThreadPoolExecutor$Worker.run(ThreadPoolExecutor.java:617)
	at org.apache.tomcat.util.threads.TaskThread$WrappingRunnable.run(TaskThread.java:61)
	at java.lang.Thread.run(Thread.java:745)
Caused by: java.io.FileNotFoundException: C:\Users\Zxx\AppData\Local\Temp\tomcat.28090.2086257320761792406\work\Tomcat\localhost\ROOT\home\alipms\output\file_4044.ter (系统找不到指定的路径。)
	at java.io.FileOutputStream.open0(Native Method)
	at java.io.FileOutputStream.open(FileOutputStream.java:270)
	at java.io.FileOutputStream.<init>(FileOutputStream.java:213)
	at java.io.FileOutputStream.<init>(FileOutputStream.java:162)
	at org.apache.tomcat.util.http.fileupload.disk.DiskFileItem.write(DiskFileItem.java:406)
	at org.apache.catalina.core.ApplicationPart.write(ApplicationPart.java:120)
	... 53 common frames omitted
2021-10-09 15:59:10.318 [http-nio-28090-exec-5] ERROR d.sptestpile.service.RestDataService - 上传第0个文件失败
2021-10-09 15:59:10.772 [http-nio-28090-exec-5] ERROR d.sptestpile.service.RestDataService - Cannot run program "/home/alipms/cmdsh3": CreateProcess error=2, 系统找不到指定的文件。
2021-10-09 16:06:03.149 [main] INFO  d.s.SptestpileApplicationTests - Starting SptestpileApplicationTests using Java 1.8.0_121 on nj-zhaoxiaoxuan with PID 5240 (started by Zxx in D:\20210510security\code\sptestpile)
2021-10-09 16:06:03.157 [main] INFO  d.s.SptestpileApplicationTests - No active profile set, falling back to default profiles: default
2021-10-09 16:06:06.339 [main] INFO  o.s.s.c.ThreadPoolTaskExecutor - Initializing ExecutorService 'applicationTaskExecutor'
2021-10-09 16:06:07.165 [main] INFO  d.s.SptestpileApplicationTests - Started SptestpileApplicationTests in 4.874 seconds (JVM running for 7.069)
2021-10-09 16:06:08.064 [SpringContextShutdownHook] INFO  o.s.s.c.ThreadPoolTaskExecutor - Shutting down ExecutorService 'applicationTaskExecutor'
