2021-10-09 09:13:11.368 [main] INFO  d.sptestpile.SptestpileApplication - Starting SptestpileApplication using Java 1.8.0_121 on nj-zhaoxiaoxuan with PID 1092 (D:\20210510security\code\sptestpile\target\classes started by Zxx in D:\20210510security\code\sptestpile)
2021-10-09 09:13:11.376 [main] INFO  d.sptestpile.SptestpileApplication - No active profile set, falling back to default profiles: default
2021-10-09 09:13:13.025 [main] INFO  o.s.b.w.e.tomcat.TomcatWebServer - Tomcat initialized with port(s): 28090 (http)
2021-10-09 09:13:13.039 [main] INFO  o.a.coyote.http11.Http11NioProtocol - Initializing ProtocolHandler ["http-nio-28090"]
2021-10-09 09:13:13.040 [main] INFO  o.a.catalina.core.StandardService - Starting service [Tomcat]
2021-10-09 09:13:13.042 [main] INFO  o.a.catalina.core.StandardEngine - Starting Servlet engine: [Apache Tomcat/9.0.39]
2021-10-09 09:13:13.406 [main] INFO  org.apache.jasper.servlet.TldScanner - At least one JAR was scanned for TLDs yet contained no TLDs. Enable debug logging for this logger for a complete list of JARs that were scanned but no TLDs were found in them. Skipping unneeded JARs during scanning can improve startup time and JSP compilation time.
2021-10-09 09:13:13.412 [main] INFO  o.a.c.c.C.[Tomcat].[localhost].[/] - Initializing Spring embedded WebApplicationContext
2021-10-09 09:13:13.412 [main] INFO  o.s.b.w.s.c.ServletWebServerApplicationContext - Root WebApplicationContext: initialization completed in 1907 ms
2021-10-09 09:13:13.715 [main] INFO  o.s.s.c.ThreadPoolTaskExecutor - Initializing ExecutorService 'applicationTaskExecutor'
2021-10-09 09:13:13.957 [main] INFO  o.a.coyote.http11.Http11NioProtocol - Starting ProtocolHandler ["http-nio-28090"]
2021-10-09 09:13:14.011 [main] INFO  o.s.b.w.e.tomcat.TomcatWebServer - Tomcat started on port(s): 28090 (http) with context path ''
2021-10-09 09:13:14.029 [main] INFO  d.sptestpile.SptestpileApplication - Started SptestpileApplication in 4.14 seconds (JVM running for 6.241)
2021-10-09 09:13:24.934 [http-nio-28090-exec-1] INFO  o.a.c.c.C.[Tomcat].[localhost].[/] - Initializing Spring DispatcherServlet 'dispatcherServlet'
2021-10-09 09:13:24.934 [http-nio-28090-exec-1] INFO  o.s.web.servlet.DispatcherServlet - Initializing Servlet 'dispatcherServlet'
2021-10-09 09:13:24.937 [http-nio-28090-exec-1] INFO  o.s.web.servlet.DispatcherServlet - Completed initialization in 3 ms
2021-10-09 09:16:15.309 [main] INFO  d.sptestpile.SptestpileApplication - Starting SptestpileApplication using Java 1.8.0_121 on nj-zhaoxiaoxuan with PID 17488 (D:\20210510security\code\sptestpile\target\classes started by Zxx in D:\20210510security\code\sptestpile)
2021-10-09 09:16:15.316 [main] INFO  d.sptestpile.SptestpileApplication - No active profile set, falling back to default profiles: default
2021-10-09 09:16:17.292 [main] INFO  o.s.b.w.e.tomcat.TomcatWebServer - Tomcat initialized with port(s): 28090 (http)
2021-10-09 09:16:17.308 [main] INFO  o.a.coyote.http11.Http11NioProtocol - Initializing ProtocolHandler ["http-nio-28090"]
2021-10-09 09:16:17.311 [main] INFO  o.a.catalina.core.StandardService - Starting service [Tomcat]
2021-10-09 09:16:17.312 [main] INFO  o.a.catalina.core.StandardEngine - Starting Servlet engine: [Apache Tomcat/9.0.39]
2021-10-09 09:16:17.805 [main] INFO  org.apache.jasper.servlet.TldScanner - At least one JAR was scanned for TLDs yet contained no TLDs. Enable debug logging for this logger for a complete list of JARs that were scanned but no TLDs were found in them. Skipping unneeded JARs during scanning can improve startup time and JSP compilation time.
2021-10-09 09:16:17.824 [main] INFO  o.a.c.c.C.[Tomcat].[localhost].[/] - Initializing Spring embedded WebApplicationContext
2021-10-09 09:16:17.824 [main] INFO  o.s.b.w.s.c.ServletWebServerApplicationContext - Root WebApplicationContext: initialization completed in 2421 ms
2021-10-09 09:16:18.437 [main] INFO  o.s.s.c.ThreadPoolTaskExecutor - Initializing ExecutorService 'applicationTaskExecutor'
2021-10-09 09:16:18.810 [main] INFO  o.a.coyote.http11.Http11NioProtocol - Starting ProtocolHandler ["http-nio-28090"]
2021-10-09 09:16:18.868 [main] INFO  o.s.b.w.e.tomcat.TomcatWebServer - Tomcat started on port(s): 28090 (http) with context path ''
2021-10-09 09:16:18.898 [main] INFO  d.sptestpile.SptestpileApplication - Started SptestpileApplication in 5.254 seconds (JVM running for 7.868)
2021-10-09 09:17:49.346 [http-nio-28090-exec-1] INFO  o.a.c.c.C.[Tomcat].[localhost].[/] - Initializing Spring DispatcherServlet 'dispatcherServlet'
2021-10-09 09:17:49.347 [http-nio-28090-exec-1] INFO  o.s.web.servlet.DispatcherServlet - Initializing Servlet 'dispatcherServlet'
2021-10-09 09:17:49.348 [http-nio-28090-exec-1] INFO  o.s.web.servlet.DispatcherServlet - Completed initialization in 1 ms
2021-10-09 10:48:18.620 [main] INFO  d.s.SptestpileApplicationTests - Starting SptestpileApplicationTests using Java 1.8.0_121 on nj-zhaoxiaoxuan with PID 11280 (started by Zxx in D:\20210510security\code\sptestpile)
2021-10-09 10:48:18.627 [main] INFO  d.s.SptestpileApplicationTests - No active profile set, falling back to default profiles: default
2021-10-09 10:48:22.289 [main] INFO  o.s.s.c.ThreadPoolTaskExecutor - Initializing ExecutorService 'applicationTaskExecutor'
2021-10-09 10:48:23.876 [main] INFO  d.s.SptestpileApplicationTests - Started SptestpileApplicationTests in 6.135 seconds (JVM running for 10.774)
2021-10-09 10:48:25.391 [SpringContextShutdownHook] INFO  o.s.s.c.ThreadPoolTaskExecutor - Shutting down ExecutorService 'applicationTaskExecutor'
2021-10-09 10:57:28.424 [main] INFO  d.sptestpile.SptestpileApplication - Starting SptestpileApplication using Java 1.8.0_121 on nj-zhaoxiaoxuan with PID 16516 (D:\20210510security\code\sptestpile\target\classes started by Zxx in D:\20210510security\code\sptestpile)
2021-10-09 10:57:28.438 [main] INFO  d.sptestpile.SptestpileApplication - No active profile set, falling back to default profiles: default
2021-10-09 10:57:30.583 [main] INFO  o.s.b.w.e.tomcat.TomcatWebServer - Tomcat initialized with port(s): 28090 (http)
2021-10-09 10:57:30.604 [main] INFO  o.a.coyote.http11.Http11NioProtocol - Initializing ProtocolHandler ["http-nio-28090"]
2021-10-09 10:57:30.605 [main] INFO  o.a.catalina.core.StandardService - Starting service [Tomcat]
2021-10-09 10:57:30.605 [main] INFO  o.a.catalina.core.StandardEngine - Starting Servlet engine: [Apache Tomcat/9.0.39]
2021-10-09 10:57:31.074 [main] INFO  org.apache.jasper.servlet.TldScanner - At least one JAR was scanned for TLDs yet contained no TLDs. Enable debug logging for this logger for a complete list of JARs that were scanned but no TLDs were found in them. Skipping unneeded JARs during scanning can improve startup time and JSP compilation time.
2021-10-09 10:57:31.089 [main] INFO  o.a.c.c.C.[Tomcat].[localhost].[/] - Initializing Spring embedded WebApplicationContext
2021-10-09 10:57:31.090 [main] INFO  o.s.b.w.s.c.ServletWebServerApplicationContext - Root WebApplicationContext: initialization completed in 2514 ms
2021-10-09 10:57:31.439 [main] INFO  o.s.s.c.ThreadPoolTaskExecutor - Initializing ExecutorService 'applicationTaskExecutor'
2021-10-09 10:57:31.758 [main] INFO  o.a.coyote.http11.Http11NioProtocol - Starting ProtocolHandler ["http-nio-28090"]
2021-10-09 10:57:31.818 [main] INFO  o.s.b.w.e.tomcat.TomcatWebServer - Tomcat started on port(s): 28090 (http) with context path ''
2021-10-09 10:57:31.837 [main] INFO  d.sptestpile.SptestpileApplication - Started SptestpileApplication in 5.614 seconds (JVM running for 8.242)
2021-10-09 10:57:44.417 [http-nio-28090-exec-1] INFO  o.a.c.c.C.[Tomcat].[localhost].[/] - Initializing Spring DispatcherServlet 'dispatcherServlet'
2021-10-09 10:57:44.417 [http-nio-28090-exec-1] INFO  o.s.web.servlet.DispatcherServlet - Initializing Servlet 'dispatcherServlet'
2021-10-09 10:57:44.419 [http-nio-28090-exec-1] INFO  o.s.web.servlet.DispatcherServlet - Completed initialization in 2 ms
2021-10-09 10:59:06.370 [main] INFO  d.sptestpile.SptestpileApplication - Starting SptestpileApplication using Java 1.8.0_121 on nj-zhaoxiaoxuan with PID 3412 (D:\20210510security\code\sptestpile\target\classes started by Zxx in D:\20210510security\code\sptestpile)
2021-10-09 10:59:06.376 [main] INFO  d.sptestpile.SptestpileApplication - No active profile set, falling back to default profiles: default
2021-10-09 10:59:09.463 [main] INFO  o.s.b.w.e.tomcat.TomcatWebServer - Tomcat initialized with port(s): 28090 (http)
2021-10-09 10:59:09.481 [main] INFO  o.a.coyote.http11.Http11NioProtocol - Initializing ProtocolHandler ["http-nio-28090"]
2021-10-09 10:59:09.483 [main] INFO  o.a.catalina.core.StandardService - Starting service [Tomcat]
2021-10-09 10:59:09.483 [main] INFO  o.a.catalina.core.StandardEngine - Starting Servlet engine: [Apache Tomcat/9.0.39]
2021-10-09 10:59:10.692 [main] INFO  org.apache.jasper.servlet.TldScanner - At least one JAR was scanned for TLDs yet contained no TLDs. Enable debug logging for this logger for a complete list of JARs that were scanned but no TLDs were found in them. Skipping unneeded JARs during scanning can improve startup time and JSP compilation time.
2021-10-09 10:59:10.702 [main] INFO  o.a.c.c.C.[Tomcat].[localhost].[/] - Initializing Spring embedded WebApplicationContext
2021-10-09 10:59:10.703 [main] INFO  o.s.b.w.s.c.ServletWebServerApplicationContext - Root WebApplicationContext: initialization completed in 4193 ms
2021-10-09 10:59:11.284 [main] INFO  o.s.s.c.ThreadPoolTaskExecutor - Initializing ExecutorService 'applicationTaskExecutor'
2021-10-09 10:59:11.859 [main] INFO  o.a.coyote.http11.Http11NioProtocol - Starting ProtocolHandler ["http-nio-28090"]
2021-10-09 10:59:11.966 [main] INFO  o.s.b.w.e.tomcat.TomcatWebServer - Tomcat started on port(s): 28090 (http) with context path ''
2021-10-09 10:59:12.000 [main] INFO  d.sptestpile.SptestpileApplication - Started SptestpileApplication in 7.853 seconds (JVM running for 11.959)
2021-10-09 11:00:40.119 [http-nio-28090-exec-1] INFO  o.a.c.c.C.[Tomcat].[localhost].[/] - Initializing Spring DispatcherServlet 'dispatcherServlet'
2021-10-09 11:00:40.119 [http-nio-28090-exec-1] INFO  o.s.web.servlet.DispatcherServlet - Initializing Servlet 'dispatcherServlet'
2021-10-09 11:00:40.125 [http-nio-28090-exec-1] INFO  o.s.web.servlet.DispatcherServlet - Completed initialization in 5 ms
2021-10-09 11:01:37.626 [main] INFO  d.s.SptestpileApplicationTests - Starting SptestpileApplicationTests using Java 1.8.0_121 on nj-zhaoxiaoxuan with PID 17744 (started by Zxx in D:\20210510security\code\sptestpile)
2021-10-09 11:01:37.630 [main] INFO  d.s.SptestpileApplicationTests - No active profile set, falling back to default profiles: default
2021-10-09 11:01:41.454 [main] INFO  o.s.s.c.ThreadPoolTaskExecutor - Initializing ExecutorService 'applicationTaskExecutor'
2021-10-09 11:01:42.281 [main] INFO  d.s.SptestpileApplicationTests - Started SptestpileApplicationTests in 5.742 seconds (JVM running for 8.605)
2021-10-09 11:01:43.118 [SpringContextShutdownHook] INFO  o.s.s.c.ThreadPoolTaskExecutor - Shutting down ExecutorService 'applicationTaskExecutor'
2021-10-09 11:11:41.635 [main] INFO  d.s.SptestpileApplicationTests - Starting SptestpileApplicationTests using Java 1.8.0_121 on nj-zhaoxiaoxuan with PID 9120 (started by Zxx in D:\20210510security\code\sptestpile)
2021-10-09 11:11:41.647 [main] INFO  d.s.SptestpileApplicationTests - No active profile set, falling back to default profiles: default
2021-10-09 11:11:44.784 [main] INFO  o.s.s.c.ThreadPoolTaskExecutor - Initializing ExecutorService 'applicationTaskExecutor'
2021-10-09 11:11:45.708 [main] INFO  d.s.SptestpileApplicationTests - Started SptestpileApplicationTests in 4.867 seconds (JVM running for 7.064)
2021-10-09 11:11:46.446 [SpringContextShutdownHook] INFO  o.s.s.c.ThreadPoolTaskExecutor - Shutting down ExecutorService 'applicationTaskExecutor'
2021-10-09 11:33:38.339 [main] INFO  d.s.SptestpileApplicationTests - Starting SptestpileApplicationTests using Java 1.8.0_121 on nj-zhaoxiaoxuan with PID 17732 (started by Zxx in D:\20210510security\code\sptestpile)
2021-10-09 11:33:38.342 [main] INFO  d.s.SptestpileApplicationTests - No active profile set, falling back to default profiles: default
2021-10-09 11:33:41.332 [main] INFO  o.s.s.c.ThreadPoolTaskExecutor - Initializing ExecutorService 'applicationTaskExecutor'
2021-10-09 11:33:42.009 [main] INFO  d.s.SptestpileApplicationTests - Started SptestpileApplicationTests in 4.496 seconds (JVM running for 6.578)
2021-10-09 11:33:42.805 [SpringContextShutdownHook] INFO  o.s.s.c.ThreadPoolTaskExecutor - Shutting down ExecutorService 'applicationTaskExecutor'
